# JRE version: Java(TM) SE Runtime Environment (8.0_91-b15) (build 1.8.0_91-b15)
# Java VM: Java HotSpot(TM) Server VM (25.91-b15 mixed mode windows-x86 )
Heap:
 PSYoungGen      total 184064K, used 120266K [0x2eac0000, 0x3cf80000, 0x3d400000)
  eden space 135424K, 85% used [0x2eac0000,0x35b85f20,0x36f00000)
  from space 48640K, 9% used [0x36f00000,0x373ac9e8,0x39e80000)
  to   space 47104K, 0% used [0x3a180000,0x3a180000,0x3cf80000)
 ParOldGen       total 299776K, used 191933K [0x11800000, 0x23cc0000, 0x2eac0000)
  object space 299776K, 64% used [0x11800000,0x1d36f458,0x23cc0000)
 Metaspace       used 89004K, capacity 95776K, committed 95872K, reserved 96640K
GC Heap History (10 events):
Event: 319.592 GC heap before
{Heap before GC invocations=79 (full 6):
 PSYoungGen      total 184832K, used 135020K [0x2eac0000, 0x3d400000, 0x3d400000)
  eden space 130304K, 100% used [0x2eac0000,0x36a00000,0x36a00000)
  from space 54528K, 8% used [0x39ec0000,0x3a35b140,0x3d400000)
  to   space 54016K, 0% used [0x36a00000,0x36a00000,0x39ec0000)
 ParOldGen       total 299776K, used 190145K [0x11800000, 0x23cc0000, 0x2eac0000)
  object space 299776K, 63% used [0x11800000,0x1d1b05e8,0x23cc0000)
 Metaspace       used 88223K, capacity 94801K, committed 94848K, reserved 95616K
Event: 319.628 GC heap after
Heap after GC invocations=79 (full 6):
 PSYoungGen      total 134656K, used 4328K [0x2eac0000, 0x3d200000, 0x3d400000)
  eden space 130304K, 0% used [0x2eac0000,0x2eac0000,0x36a00000)
  from space 4352K, 99% used [0x36a00000,0x36e3a2d0,0x36e40000)
  to   space 53248K, 0% used [0x39e00000,0x39e00000,0x3d200000)
 ParOldGen       total 299776K, used 190479K [0x11800000, 0x23cc0000, 0x2eac0000)
  object space 299776K, 63% used [0x11800000,0x1d203e08,0x23cc0000)
 Metaspace       used 88223K, capacity 94801K, committed 94848K, reserved 95616K
}
Event: 342.519 GC heap before
{Heap before GC invocations=80 (full 6):
 PSYoungGen      total 134656K, used 134632K [0x2eac0000, 0x3d200000, 0x3d400000)
  eden space 130304K, 100% used [0x2eac0000,0x36a00000,0x36a00000)
  from space 4352K, 99% used [0x36a00000,0x36e3a2d0,0x36e40000)
  to   space 53248K, 0% used [0x39e00000,0x39e00000,0x3d200000)
 ParOldGen       total 299776K, used 190479K [0x11800000, 0x23cc0000, 0x2eac0000)
  object space 299776K, 63% used [0x11800000,0x1d203e08,0x23cc0000)
 Metaspace       used 88493K, capacity 95126K, committed 95232K, reserved 95616K
Event: 342.575 GC heap after
Heap after GC invocations=80 (full 6):
 PSYoungGen      total 185088K, used 6501K [0x2eac0000, 0x3d400000, 0x3d400000)
  eden space 131840K, 0% used [0x2eac0000,0x2eac0000,0x36b80000)
  from space 53248K, 12% used [0x39e00000,0x3a459538,0x3d200000)
  to   space 51712K, 0% used [0x36b80000,0x36b80000,0x39e00000)
 ParOldGen       total 299776K, used 191933K [0x11800000, 0x23cc0000, 0x2eac0000)
  object space 299776K, 64% used [0x11800000,0x1d36f458,0x23cc0000)
 Metaspace       used 88493K, capacity 95126K, committed 95232K, reserved 95616K
}
Event: 551.143 GC heap before
{Heap before GC invocations=81 (full 6):
 PSYoungGen      total 185088K, used 138341K [0x2eac0000, 0x3d400000, 0x3d400000)
  eden space 131840K, 100% used [0x2eac0000,0x36b80000,0x36b80000)
  from space 53248K, 12% used [0x39e00000,0x3a459538,0x3d200000)
  to   space 51712K, 0% used [0x36b80000,0x36b80000,0x39e00000)
 ParOldGen       total 299776K, used 191933K [0x11800000, 0x23cc0000, 0x2eac0000)
  object space 299776K, 64% used [0x11800000,0x1d36f458,0x23cc0000)
 Metaspace       used 88637K, capacity 95350K, committed 95488K, reserved 95616K
Event: 551.216 GC heap after
Heap after GC invocations=81 (full 6):
 PSYoungGen      total 183552K, used 6674K [0x2eac0000, 0x3cf80000, 0x3d400000)
  eden space 131840K, 0% used [0x2eac0000,0x2eac0000,0x36b80000)
  from space 51712K, 12% used [0x36b80000,0x37204850,0x39e00000)
  to   space 50176K, 0% used [0x39e80000,0x39e80000,0x3cf80000)
 ParOldGen       total 299776K, used 191933K [0x11800000, 0x23cc0000, 0x2eac0000)
  object space 299776K, 64% used [0x11800000,0x1d36f458,0x23cc0000)
 Metaspace       used 88637K, capacity 95350K, committed 95488K, reserved 95616K
}
Event: 614.618 GC heap before
{Heap before GC invocations=82 (full 6):
 PSYoungGen      total 183552K, used 138514K [0x2eac0000, 0x3cf80000, 0x3d400000)
  eden space 131840K, 100% used [0x2eac0000,0x36b80000,0x36b80000)
  from space 51712K, 12% used [0x36b80000,0x37204850,0x39e00000)
  to   space 50176K, 0% used [0x39e80000,0x39e80000,0x3cf80000)
 ParOldGen       total 299776K, used 191933K [0x11800000, 0x23cc0000, 0x2eac0000)
  object space 299776K, 64% used [0x11800000,0x1d36f458,0x23cc0000)
 Metaspace       used 88735K, capacity 95421K, committed 95488K, reserved 95616K
Event: 614.648 GC heap after
Heap after GC invocations=82 (full 6):
 PSYoungGen      total 185600K, used 4274K [0x2eac0000, 0x3cf80000, 0x3d400000)
  eden space 135424K, 0% used [0x2eac0000,0x2eac0000,0x36f00000)
  from space 50176K, 8% used [0x39e80000,0x3a2acab8,0x3cf80000)
  to   space 48640K, 0% used [0x36f00000,0x36f00000,0x39e80000)
 ParOldGen       total 299776K, used 191933K [0x11800000, 0x23cc0000, 0x2eac0000)
  object space 299776K, 64% used [0x11800000,0x1d36f458,0x23cc0000)
 Metaspace       used 88735K, capacity 95421K, committed 95488K, reserved 95616K
}
Event: 619.054 GC heap before
{Heap before GC invocations=83 (full 6):
 PSYoungGen      total 185600K, used 139698K [0x2eac0000, 0x3cf80000, 0x3d400000)
  eden space 135424K, 100% used [0x2eac0000,0x36f00000,0x36f00000)
  from space 50176K, 8% used [0x39e80000,0x3a2acab8,0x3cf80000)
  to   space 48640K, 0% used [0x36f00000,0x36f00000,0x39e80000)
 ParOldGen       total 299776K, used 191933K [0x11800000, 0x23cc0000, 0x2eac0000)
  object space 299776K, 64% used [0x11800000,0x1d36f458,0x23cc0000)
 Metaspace       used 88873K, capacity 95584K, committed 95616K, reserved 95616K
Event: 619.069 GC heap after
Heap after GC invocations=83 (full 6):
 PSYoungGen      total 184064K, used 4786K [0x2eac0000, 0x3cf80000, 0x3d400000)
  eden space 135424K, 0% used [0x2eac0000,0x2eac0000,0x36f00000)
  from space 48640K, 9% used [0x36f00000,0x373ac9e8,0x39e80000)
  to   space 47104K, 0% used [0x3a180000,0x3a180000,0x3cf80000)
 ParOldGen       total 299776K, used 191933K [0x11800000, 0x23cc0000, 0x2eac0000)
  object space 299776K, 64% used [0x11800000,0x1d36f458,0x23cc0000)
 Metaspace       used 88873K, capacity 95584K, committed 95616K, reserved 95616K
}

