# JRE version: Java(TM) SE Runtime Environment (8.0_91-b15) (build 1.8.0_91-b15)
# Java VM: Java HotSpot(TM) Server VM (25.91-b15 mixed mode windows-x86 )
Heap:
 PSYoungGen      total 212224K, used 133377K [0x2e6c0000, 0x3cc80000, 0x3d000000)
  eden space 193792K, 65% used [0x2e6c0000,0x361f04a8,0x3a400000)
  from space 18432K, 39% used [0x3ba80000,0x3c190070,0x3cc80000)
  to   space 20736K, 0% used [0x3a400000,0x3a400000,0x3b840000)
 ParOldGen       total 317952K, used 162336K [0x11400000, 0x24a80000, 0x2e6c0000)
  object space 317952K, 51% used [0x11400000,0x1b288070,0x24a80000)
 Metaspace       used 86178K, capacity 92570K, committed 92672K, reserved 93568K
GC Heap History (10 events):
Event: 709.546 GC heap before
{Heap before GC invocations=93 (full 7):
 PSYoungGen      total 177920K, used 157488K [0x2e6c0000, 0x3bd80000, 0x3d000000)
  eden space 150272K, 100% used [0x2e6c0000,0x37980000,0x37980000)
  from space 27648K, 26% used [0x37980000,0x3808c070,0x39480000)
  to   space 26368K, 0% used [0x3a3c0000,0x3a3c0000,0x3bd80000)
 ParOldGen       total 317952K, used 161452K [0x11400000, 0x24a80000, 0x2e6c0000)
  object space 317952K, 50% used [0x11400000,0x1b1ab288,0x24a80000)
 Metaspace       used 85789K, capacity 92181K, committed 92288K, reserved 92544K
Event: 709.576 GC heap after
Heap after GC invocations=93 (full 7):
 PSYoungGen      total 187904K, used 8355K [0x2e6c0000, 0x3b940000, 0x3d000000)
  eden space 165888K, 0% used [0x2e6c0000,0x2e6c0000,0x388c0000)
  from space 22016K, 37% used [0x3a3c0000,0x3abe8e68,0x3b940000)
  to   space 24832K, 0% used [0x388c0000,0x388c0000,0x3a100000)
 ParOldGen       total 317952K, used 162208K [0x11400000, 0x24a80000, 0x2e6c0000)
  object space 317952K, 51% used [0x11400000,0x1b268060,0x24a80000)
 Metaspace       used 85789K, capacity 92181K, committed 92288K, reserved 92544K
}
Event: 711.267 GC heap before
{Heap before GC invocations=94 (full 7):
 PSYoungGen      total 187904K, used 174243K [0x2e6c0000, 0x3b940000, 0x3d000000)
  eden space 165888K, 100% used [0x2e6c0000,0x388c0000,0x388c0000)
  from space 22016K, 37% used [0x3a3c0000,0x3abe8e68,0x3b940000)
  to   space 24832K, 0% used [0x388c0000,0x388c0000,0x3a100000)
 ParOldGen       total 317952K, used 162208K [0x11400000, 0x24a80000, 0x2e6c0000)
  object space 317952K, 51% used [0x11400000,0x1b268060,0x24a80000)
 Metaspace       used 85838K, capacity 92248K, committed 92288K, reserved 92544K
Event: 711.312 GC heap after
Heap after GC invocations=94 (full 7):
 PSYoungGen      total 190720K, used 9423K [0x2e6c0000, 0x3c640000, 0x3d000000)
  eden space 165888K, 0% used [0x2e6c0000,0x2e6c0000,0x388c0000)
  from space 24832K, 37% used [0x388c0000,0x391f3f78,0x3a100000)
  to   space 23296K, 0% used [0x3af80000,0x3af80000,0x3c640000)
 ParOldGen       total 317952K, used 162256K [0x11400000, 0x24a80000, 0x2e6c0000)
  object space 317952K, 51% used [0x11400000,0x1b274070,0x24a80000)
 Metaspace       used 85838K, capacity 92248K, committed 92288K, reserved 92544K
}
Event: 713.568 GC heap before
{Heap before GC invocations=95 (full 7):
 PSYoungGen      total 190720K, used 175311K [0x2e6c0000, 0x3c640000, 0x3d000000)
  eden space 165888K, 100% used [0x2e6c0000,0x388c0000,0x388c0000)
  from space 24832K, 37% used [0x388c0000,0x391f3f78,0x3a100000)
  to   space 23296K, 0% used [0x3af80000,0x3af80000,0x3c640000)
 ParOldGen       total 317952K, used 162256K [0x11400000, 0x24a80000, 0x2e6c0000)
  object space 317952K, 51% used [0x11400000,0x1b274070,0x24a80000)
 Metaspace       used 85930K, capacity 92312K, committed 92416K, reserved 92544K
Event: 713.606 GC heap after
Heap after GC invocations=95 (full 7):
 PSYoungGen      total 201472K, used 7040K [0x2e6c0000, 0x3c380000, 0x3d000000)
  eden space 180992K, 0% used [0x2e6c0000,0x2e6c0000,0x39780000)
  from space 20480K, 34% used [0x3af80000,0x3b660300,0x3c380000)
  to   space 22528K, 0% used [0x39780000,0x39780000,0x3ad80000)
 ParOldGen       total 317952K, used 162332K [0x11400000, 0x24a80000, 0x2e6c0000)
  object space 317952K, 51% used [0x11400000,0x1b287070,0x24a80000)
 Metaspace       used 85930K, capacity 92312K, committed 92416K, reserved 92544K
}
Event: 719.518 GC heap before
{Heap before GC invocations=96 (full 7):
 PSYoungGen      total 201472K, used 188032K [0x2e6c0000, 0x3c380000, 0x3d000000)
  eden space 180992K, 100% used [0x2e6c0000,0x39780000,0x39780000)
  from space 20480K, 34% used [0x3af80000,0x3b660300,0x3c380000)
  to   space 22528K, 0% used [0x39780000,0x39780000,0x3ad80000)
 ParOldGen       total 317952K, used 162332K [0x11400000, 0x24a80000, 0x2e6c0000)
  object space 317952K, 51% used [0x11400000,0x1b287070,0x24a80000)
 Metaspace       used 86048K, capacity 92410K, committed 92416K, reserved 92544K
Event: 719.539 GC heap after
Heap after GC invocations=96 (full 7):
 PSYoungGen      total 203520K, used 6587K [0x2e6c0000, 0x3cf80000, 0x3d000000)
  eden space 180992K, 0% used [0x2e6c0000,0x2e6c0000,0x39780000)
  from space 22528K, 29% used [0x39780000,0x39deed08,0x3ad80000)
  to   space 21504K, 0% used [0x3ba80000,0x3ba80000,0x3cf80000)
 ParOldGen       total 317952K, used 162332K [0x11400000, 0x24a80000, 0x2e6c0000)
  object space 317952K, 51% used [0x11400000,0x1b287070,0x24a80000)
 Metaspace       used 86048K, capacity 92410K, committed 92416K, reserved 92544K
}
Event: 723.502 GC heap before
{Heap before GC invocations=97 (full 7):
 PSYoungGen      total 203520K, used 187579K [0x2e6c0000, 0x3cf80000, 0x3d000000)
  eden space 180992K, 100% used [0x2e6c0000,0x39780000,0x39780000)
  from space 22528K, 29% used [0x39780000,0x39deed08,0x3ad80000)
  to   space 21504K, 0% used [0x3ba80000,0x3ba80000,0x3cf80000)
 ParOldGen       total 317952K, used 162332K [0x11400000, 0x24a80000, 0x2e6c0000)
  object space 317952K, 51% used [0x11400000,0x1b287070,0x24a80000)
 Metaspace       used 86148K, capacity 92570K, committed 92672K, reserved 93568K
Event: 723.530 GC heap after
Heap after GC invocations=97 (full 7):
 PSYoungGen      total 212224K, used 7232K [0x2e6c0000, 0x3cc80000, 0x3d000000)
  eden space 193792K, 0% used [0x2e6c0000,0x2e6c0000,0x3a400000)
  from space 18432K, 39% used [0x3ba80000,0x3c190070,0x3cc80000)
  to   space 20736K, 0% used [0x3a400000,0x3a400000,0x3b840000)
 ParOldGen       total 317952K, used 162336K [0x11400000, 0x24a80000, 0x2e6c0000)
  object space 317952K, 51% used [0x11400000,0x1b288070,0x24a80000)
 Metaspace       used 86148K, capacity 92570K, committed 92672K, reserved 93568K
}

