# JRE version: Java(TM) SE Runtime Environment (8.0_91-b15) (build 1.8.0_91-b15)
# Java VM: Java HotSpot(TM) Server VM (25.91-b15 mixed mode windows-x86 )
Heap:
 PSYoungGen      total 215040K, used 110160K [0x2eac0000, 0x3d3c0000, 0x3d400000)
  eden space 191232K, 50% used [0x2eac0000,0x349fa158,0x3a580000)
  from space 23808K, 53% used [0x3a580000,0x3b20d828,0x3bcc0000)
  to   space 22784K, 0% used [0x3bd80000,0x3bd80000,0x3d3c0000)
 ParOldGen       total 237824K, used 166751K [0x11800000, 0x20040000, 0x2eac0000)
  object space 237824K, 70% used [0x11800000,0x1bad7df8,0x20040000)
 Metaspace       used 96089K, capacity 103377K, committed 103424K, reserved 103808K
GC Heap History (10 events):
Event: 353.401 GC heap before
{Heap before GC invocations=102 (full 5):
 PSYoungGen      total 213248K, used 199177K [0x2eac0000, 0x3d400000, 0x3d400000)
  eden space 190208K, 100% used [0x2eac0000,0x3a480000,0x3a480000)
  from space 23040K, 38% used [0x3bac0000,0x3c3827c8,0x3d140000)
  to   space 22784K, 0% used [0x3a480000,0x3a480000,0x3bac0000)
 ParOldGen       total 237824K, used 163892K [0x11800000, 0x20040000, 0x2eac0000)
  object space 237824K, 68% used [0x11800000,0x1b80d338,0x20040000)
 Metaspace       used 94388K, capacity 101658K, committed 101760K, reserved 101760K
Event: 353.456 GC heap after
Heap after GC invocations=102 (full 5):
 PSYoungGen      total 212992K, used 8628K [0x2eac0000, 0x3d340000, 0x3d400000)
  eden space 190208K, 0% used [0x2eac0000,0x2eac0000,0x3a480000)
  from space 22784K, 37% used [0x3a480000,0x3aced080,0x3bac0000)
  to   space 22528K, 0% used [0x3bd40000,0x3bd40000,0x3d340000)
 ParOldGen       total 237824K, used 164600K [0x11800000, 0x20040000, 0x2eac0000)
  object space 237824K, 69% used [0x11800000,0x1b8be368,0x20040000)
 Metaspace       used 94388K, capacity 101658K, committed 101760K, reserved 101760K
}
Event: 361.653 GC heap before
{Heap before GC invocations=103 (full 5):
 PSYoungGen      total 212992K, used 198836K [0x2eac0000, 0x3d340000, 0x3d400000)
  eden space 190208K, 100% used [0x2eac0000,0x3a480000,0x3a480000)
  from space 22784K, 37% used [0x3a480000,0x3aced080,0x3bac0000)
  to   space 22528K, 0% used [0x3bd40000,0x3bd40000,0x3d340000)
 ParOldGen       total 237824K, used 164600K [0x11800000, 0x20040000, 0x2eac0000)
  object space 237824K, 69% used [0x11800000,0x1b8be368,0x20040000)
 Metaspace       used 94594K, capacity 101887K, committed 101888K, reserved 102784K
Event: 361.682 GC heap after
Heap after GC invocations=103 (full 5):
 PSYoungGen      total 215552K, used 13727K [0x2eac0000, 0x3d2c0000, 0x3d400000)
  eden space 193536K, 0% used [0x2eac0000,0x2eac0000,0x3a7c0000)
  from space 22016K, 62% used [0x3bd40000,0x3caa7df8,0x3d2c0000)
  to   space 22016K, 0% used [0x3a7c0000,0x3a7c0000,0x3bd40000)
 ParOldGen       total 237824K, used 165261K [0x11800000, 0x20040000, 0x2eac0000)
  object space 237824K, 69% used [0x11800000,0x1b963588,0x20040000)
 Metaspace       used 94594K, capacity 101887K, committed 101888K, reserved 102784K
}
Event: 368.541 GC heap before
{Heap before GC invocations=104 (full 5):
 PSYoungGen      total 215552K, used 207263K [0x2eac0000, 0x3d2c0000, 0x3d400000)
  eden space 193536K, 100% used [0x2eac0000,0x3a7c0000,0x3a7c0000)
  from space 22016K, 62% used [0x3bd40000,0x3caa7df8,0x3d2c0000)
  to   space 22016K, 0% used [0x3a7c0000,0x3a7c0000,0x3bd40000)
 ParOldGen       total 237824K, used 165261K [0x11800000, 0x20040000, 0x2eac0000)
  object space 237824K, 69% used [0x11800000,0x1b963588,0x20040000)
 Metaspace       used 95945K, capacity 103304K, committed 103424K, reserved 103808K
Event: 368.595 GC heap after
Heap after GC invocations=104 (full 5):
 PSYoungGen      total 215552K, used 14936K [0x2eac0000, 0x3d400000, 0x3d400000)
  eden space 193536K, 0% used [0x2eac0000,0x2eac0000,0x3a7c0000)
  from space 22016K, 67% used [0x3a7c0000,0x3b656090,0x3bd40000)
  to   space 22016K, 0% used [0x3be80000,0x3be80000,0x3d400000)
 ParOldGen       total 237824K, used 165573K [0x11800000, 0x20040000, 0x2eac0000)
  object space 237824K, 69% used [0x11800000,0x1b9b1598,0x20040000)
 Metaspace       used 95945K, capacity 103304K, committed 103424K, reserved 103808K
}
Event: 370.606 GC heap before
{Heap before GC invocations=105 (full 5):
 PSYoungGen      total 215552K, used 208472K [0x2eac0000, 0x3d400000, 0x3d400000)
  eden space 193536K, 100% used [0x2eac0000,0x3a7c0000,0x3a7c0000)
  from space 22016K, 67% used [0x3a7c0000,0x3b656090,0x3bd40000)
  to   space 22016K, 0% used [0x3be80000,0x3be80000,0x3d400000)
 ParOldGen       total 237824K, used 165573K [0x11800000, 0x20040000, 0x2eac0000)
  object space 237824K, 69% used [0x11800000,0x1b9b1598,0x20040000)
 Metaspace       used 95998K, capacity 103370K, committed 103424K, reserved 103808K
Event: 370.655 GC heap after
Heap after GC invocations=105 (full 5):
 PSYoungGen      total 213248K, used 19873K [0x2eac0000, 0x3d400000, 0x3d400000)
  eden space 191232K, 0% used [0x2eac0000,0x2eac0000,0x3a580000)
  from space 22016K, 90% used [0x3be80000,0x3d1e85d0,0x3d400000)
  to   space 23808K, 0% used [0x3a580000,0x3a580000,0x3bcc0000)
 ParOldGen       total 237824K, used 166435K [0x11800000, 0x20040000, 0x2eac0000)
  object space 237824K, 69% used [0x11800000,0x1ba88df8,0x20040000)
 Metaspace       used 95998K, capacity 103370K, committed 103424K, reserved 103808K
}
Event: 375.324 GC heap before
{Heap before GC invocations=106 (full 5):
 PSYoungGen      total 213248K, used 211105K [0x2eac0000, 0x3d400000, 0x3d400000)
  eden space 191232K, 100% used [0x2eac0000,0x3a580000,0x3a580000)
  from space 22016K, 90% used [0x3be80000,0x3d1e85d0,0x3d400000)
  to   space 23808K, 0% used [0x3a580000,0x3a580000,0x3bcc0000)
 ParOldGen       total 237824K, used 166435K [0x11800000, 0x20040000, 0x2eac0000)
  object space 237824K, 69% used [0x11800000,0x1ba88df8,0x20040000)
 Metaspace       used 96052K, capacity 103372K, committed 103424K, reserved 103808K
Event: 375.382 GC heap after
Heap after GC invocations=106 (full 5):
 PSYoungGen      total 215040K, used 12854K [0x2eac0000, 0x3d3c0000, 0x3d400000)
  eden space 191232K, 0% used [0x2eac0000,0x2eac0000,0x3a580000)
  from space 23808K, 53% used [0x3a580000,0x3b20d828,0x3bcc0000)
  to   space 22784K, 0% used [0x3bd80000,0x3bd80000,0x3d3c0000)
 ParOldGen       total 237824K, used 166751K [0x11800000, 0x20040000, 0x2eac0000)
  object space 237824K, 70% used [0x11800000,0x1bad7df8,0x20040000)
 Metaspace       used 96052K, capacity 103372K, committed 103424K, reserved 103808K
}

